[debug] [2024-03-18T09:35:37.827Z] ----------------------------------------------------------------------
[debug] [2024-03-18T09:35:37.829Z] Command:       /home/bacancy/.nvm/versions/node/v20.10.0/bin/node /usr/local/bin/firebase emulators:start
[debug] [2024-03-18T09:35:37.829Z] CLI Version:   13.4.0
[debug] [2024-03-18T09:35:37.829Z] Platform:      linux
[debug] [2024-03-18T09:35:37.829Z] Node Version:  v20.10.0
[debug] [2024-03-18T09:35:37.829Z] Time:          Mon Mar 18 2024 15:05:37 GMT+0530 (India Standard Time)
[debug] [2024-03-18T09:35:37.829Z] ----------------------------------------------------------------------
[debug] 
[debug] [2024-03-18T09:35:37.882Z] > command requires scopes: ["email","openid","https://www.googleapis.com/auth/cloudplatformprojects.readonly","https://www.googleapis.com/auth/firebase","https://www.googleapis.com/auth/cloud-platform"]
[debug] [2024-03-18T09:35:37.882Z] > authorizing via signed-in user (loveysunshine01@gmail.com)
[debug] [2024-03-18T09:35:37.910Z] openjdk version "11.0.22" 2024-01-16
OpenJDK Runtime Environment (build 11.0.22+7-post-Ubuntu-0ubuntu220.04.1)
OpenJDK 64-Bit Server VM (build 11.0.22+7-post-Ubuntu-0ubuntu220.04.1, mixed mode, sharing)

[debug] [2024-03-18T09:35:37.913Z] Parsed Java major version: 11
[info] i  emulators: Starting emulators: auth, functions, firestore, hosting, pubsub {"metadata":{"emulator":{"name":"hub"},"message":"Starting emulators: auth, functions, firestore, hosting, pubsub"}}
[warn] ⚠  hosting: The hosting emulator is configured but there is no hosting configuration. Have you run firebase init hosting? {"metadata":{"emulator":{"name":"hosting"},"message":"The hosting emulator is configured but there is no hosting configuration. Have you run \u001b[1mfirebase init hosting\u001b[22m?"}}
[debug] [2024-03-18T09:35:37.916Z] [logging] Logging Emulator only supports listening on one address (127.0.0.1). Not listening on ::1
[debug] [2024-03-18T09:35:37.916Z] [auth] Authentication Emulator only supports listening on one address (127.0.0.1). Not listening on ::1
[debug] [2024-03-18T09:35:37.916Z] [firestore] Firestore Emulator only supports listening on one address (127.0.0.1). Not listening on ::1
[debug] [2024-03-18T09:35:37.916Z] [pubsub] Pub/Sub Emulator only supports listening on one address (127.0.0.1). Not listening on ::1
[debug] [2024-03-18T09:35:37.916Z] [firestore.websocket] websocket server for firestore only supports listening on one address (127.0.0.1). Not listening on ::1
[debug] [2024-03-18T09:35:37.916Z] assigned listening specs for emulators {"user":{"hub":[{"address":"127.0.0.1","family":"IPv4","port":4400},{"address":"::1","family":"IPv6","port":4400}],"ui":[{"address":"127.0.0.1","family":"IPv4","port":4000},{"address":"::1","family":"IPv6","port":4000}],"logging":[{"address":"127.0.0.1","family":"IPv4","port":4500}],"auth":[{"address":"127.0.0.1","family":"IPv4","port":9099}],"firestore":[{"address":"127.0.0.1","family":"IPv4","port":8080}],"pubsub":[{"address":"127.0.0.1","family":"IPv4","port":8085}],"firestore.websocket":[{"address":"127.0.0.1","family":"IPv4","port":9151}]},"metadata":{"message":"assigned listening specs for emulators"}}
[debug] [2024-03-18T09:35:37.919Z] [hub] writing locator at /tmp/hub-wound-firebase.json
[debug] [2024-03-18T09:35:37.922Z] [functions] Functions Emulator only supports listening on one address (127.0.0.1). Not listening on ::1
[debug] [2024-03-18T09:35:37.922Z] [eventarc] Eventarc Emulator only supports listening on one address (127.0.0.1). Not listening on ::1
[debug] [2024-03-18T09:35:37.922Z] late-assigned ports for functions and eventarc emulators {"user":{"hub":[{"address":"127.0.0.1","family":"IPv4","port":4400},{"address":"::1","family":"IPv6","port":4400}],"ui":[{"address":"127.0.0.1","family":"IPv4","port":4000},{"address":"::1","family":"IPv6","port":4000}],"logging":[{"address":"127.0.0.1","family":"IPv4","port":4500}],"auth":[{"address":"127.0.0.1","family":"IPv4","port":9099}],"firestore":[{"address":"127.0.0.1","family":"IPv4","port":8080}],"pubsub":[{"address":"127.0.0.1","family":"IPv4","port":8085}],"firestore.websocket":[{"address":"127.0.0.1","family":"IPv4","port":9151}],"functions":[{"address":"127.0.0.1","family":"IPv4","port":5001}],"eventarc":[{"address":"127.0.0.1","family":"IPv4","port":9299}]},"metadata":{"message":"late-assigned ports for functions and eventarc emulators"}}
[warn] ⚠  functions: The following emulators are not running, calls to these services from the Functions emulator will affect production: database, hosting, storage {"metadata":{"emulator":{"name":"functions"},"message":"The following emulators are not running, calls to these services from the Functions emulator will affect production: \u001b[1mdatabase, hosting, storage\u001b[22m"}}
[debug] [2024-03-18T09:35:37.924Z] defaultcredentials: writing to file /home/bacancy/.config/firebase/loveysunshine01_gmail_com_application_default_credentials.json
[debug] [2024-03-18T09:35:37.925Z] Setting GAC to /home/bacancy/.config/firebase/loveysunshine01_gmail_com_application_default_credentials.json {"metadata":{"emulator":{"name":"functions"},"message":"Setting GAC to /home/bacancy/.config/firebase/loveysunshine01_gmail_com_application_default_credentials.json"}}
[debug] [2024-03-18T09:35:37.925Z] > refreshing access token with scopes: []
[debug] [2024-03-18T09:35:37.926Z] >>> [apiv2][query] POST https://www.googleapis.com/oauth2/v3/token [none]
[debug] [2024-03-18T09:35:37.926Z] >>> [apiv2][body] POST https://www.googleapis.com/oauth2/v3/token [omitted]
[debug] [2024-03-18T09:35:38.589Z] <<< [apiv2][status] POST https://www.googleapis.com/oauth2/v3/token 200
[debug] [2024-03-18T09:35:38.589Z] <<< [apiv2][body] POST https://www.googleapis.com/oauth2/v3/token [omitted]
[debug] [2024-03-18T09:35:38.599Z] >>> [apiv2][query] GET https://firebase.googleapis.com/v1beta1/projects/wound-firebase/adminSdkConfig [none]
[debug] [2024-03-18T09:35:39.546Z] <<< [apiv2][status] GET https://firebase.googleapis.com/v1beta1/projects/wound-firebase/adminSdkConfig 200
[debug] [2024-03-18T09:35:39.547Z] <<< [apiv2][body] GET https://firebase.googleapis.com/v1beta1/projects/wound-firebase/adminSdkConfig {"projectId":"wound-firebase","storageBucket":"wound-firebase.appspot.com"}
[warn] ⚠  firestore: Cloud Firestore Emulator does not support multiple databases yet. {"metadata":{"emulator":{"name":"firestore"},"message":"Cloud Firestore Emulator does not support multiple databases yet."}}
[warn] ⚠  firestore: Did not find a Cloud Firestore rules file specified in a firebase.json config file. {"metadata":{"emulator":{"name":"firestore"},"message":"Did not find a Cloud Firestore rules file specified in a firebase.json config file."}}
[warn] ⚠  firestore: The emulator will default to allowing all reads and writes. Learn more about this option: https://firebase.google.com/docs/emulator-suite/install_and_configure#security_rules_configuration. {"metadata":{"emulator":{"name":"firestore"},"message":"The emulator will default to allowing all reads and writes. Learn more about this option: https://firebase.google.com/docs/emulator-suite/install_and_configure#security_rules_configuration."}}
[debug] [2024-03-18T09:35:39.557Z] Ignoring unsupported arg: auto_download {"metadata":{"emulator":{"name":"firestore"},"message":"Ignoring unsupported arg: auto_download"}}
[debug] [2024-03-18T09:35:39.557Z] Ignoring unsupported arg: single_project_mode_error {"metadata":{"emulator":{"name":"firestore"},"message":"Ignoring unsupported arg: single_project_mode_error"}}
[debug] [2024-03-18T09:35:39.557Z] Starting Firestore Emulator with command {"binary":"java","args":["-Dgoogle.cloud_firestore.debug_log_level=FINE","-Duser.language=en","-jar","/home/bacancy/.cache/firebase/emulators/cloud-firestore-emulator-v1.19.1.jar","--host","127.0.0.1","--port",8080,"--websocket_port",9151,"--project_id","wound-firebase","--single_project_mode",true,"--functions_emulator","127.0.0.1:5001"],"optionalArgs":["port","webchannel_port","host","rules","websocket_port","functions_emulator","seed_from_export","project_id","single_project_mode"],"joinArgs":false} {"metadata":{"emulator":{"name":"firestore"},"message":"Starting Firestore Emulator with command {\"binary\":\"java\",\"args\":[\"-Dgoogle.cloud_firestore.debug_log_level=FINE\",\"-Duser.language=en\",\"-jar\",\"/home/bacancy/.cache/firebase/emulators/cloud-firestore-emulator-v1.19.1.jar\",\"--host\",\"127.0.0.1\",\"--port\",8080,\"--websocket_port\",9151,\"--project_id\",\"wound-firebase\",\"--single_project_mode\",true,\"--functions_emulator\",\"127.0.0.1:5001\"],\"optionalArgs\":[\"port\",\"webchannel_port\",\"host\",\"rules\",\"websocket_port\",\"functions_emulator\",\"seed_from_export\",\"project_id\",\"single_project_mode\"],\"joinArgs\":false}"}}
[info] i  firestore: Firestore Emulator logging to firestore-debug.log {"metadata":{"emulator":{"name":"firestore"},"message":"Firestore Emulator logging to \u001b[1mfirestore-debug.log\u001b[22m"}}
[debug] [2024-03-18T09:35:40.244Z] Mar 18, 2024 3:05:40 PM com.google.cloud.datastore.emulator.firestore.websocket.WebSocketServer start
INFO: Started WebSocket server on ws://127.0.0.1:9151
 {"metadata":{"emulator":{"name":"firestore"},"message":"Mar 18, 2024 3:05:40 PM com.google.cloud.datastore.emulator.firestore.websocket.WebSocketServer start\nINFO: Started WebSocket server on ws://127.0.0.1:9151\n"}}
[debug] [2024-03-18T09:35:40.260Z] API endpoint: http://127.0.0.1:8080
If you are using a library that supports the FIRESTORE_EMULATOR_HOST environment variable, run:

   export FIRESTORE_EMULATOR_HOST=127.0.0.1:8080 {"metadata":{"emulator":{"name":"firestore"},"message":"API endpoint: http://127.0.0.1:8080\nIf you are using a library that supports the FIRESTORE_EMULATOR_HOST environment variable, run:\n\n   export FIRESTORE_EMULATOR_HOST=127.0.0.1:8080"}}
[debug] [2024-03-18T09:35:40.260Z] 

If you are running a Firestore in Datastore Mode project, run:

   export DATASTORE_EMULATOR_HOST=127.0.0.1:8080

Note: Support for Datastore Mode is in preview. If you encounter any bugs please file at https://github.com/firebase/firebase-tools/issues.
Dev App Server is now running.

 {"metadata":{"emulator":{"name":"firestore"},"message":"\n\nIf you are running a Firestore in Datastore Mode project, run:\n\n   export DATASTORE_EMULATOR_HOST=127.0.0.1:8080\n\nNote: Support for Datastore Mode is in preview. If you encounter any bugs please file at https://github.com/firebase/firebase-tools/issues.\nDev App Server is now running.\n\n"}}
[info] ✔  firestore: Firestore Emulator UI websocket is running on 9151. {"metadata":{"emulator":{"name":"firestore"},"message":"Firestore Emulator UI websocket is running on 9151."}}
[debug] [2024-03-18T09:35:44.024Z] Ignoring unsupported arg: projectId {"metadata":{"emulator":{"name":"pubsub"},"message":"Ignoring unsupported arg: projectId"}}
[debug] [2024-03-18T09:35:44.024Z] Ignoring unsupported arg: auto_download {"metadata":{"emulator":{"name":"pubsub"},"message":"Ignoring unsupported arg: auto_download"}}
[debug] [2024-03-18T09:35:44.024Z] Starting Pub/Sub Emulator with command {"binary":"/home/bacancy/.cache/firebase/emulators/pubsub-emulator-0.7.1/pubsub-emulator/bin/cloud-pubsub-emulator","args":["--host=127.0.0.1","--port=8085"],"optionalArgs":["port","host"],"joinArgs":true} {"metadata":{"emulator":{"name":"pubsub"},"message":"Starting Pub/Sub Emulator with command {\"binary\":\"/home/bacancy/.cache/firebase/emulators/pubsub-emulator-0.7.1/pubsub-emulator/bin/cloud-pubsub-emulator\",\"args\":[\"--host=127.0.0.1\",\"--port=8085\"],\"optionalArgs\":[\"port\",\"host\"],\"joinArgs\":true}"}}
[info] i  pubsub: Pub/Sub Emulator logging to pubsub-debug.log {"metadata":{"emulator":{"name":"pubsub"},"message":"Pub/Sub Emulator logging to \u001b[1mpubsub-debug.log\u001b[22m"}}
[debug] [2024-03-18T09:35:44.107Z] This is the Google Pub/Sub fake.
Implementation may be incomplete or differ from the real system.
 {"metadata":{"emulator":{"name":"pubsub"},"message":"This is the Google Pub/Sub fake.\nImplementation may be incomplete or differ from the real system.\n"}}
[debug] [2024-03-18T09:35:44.126Z] Mar 18, 2024 3:05:44 PM com.google.cloud.pubsub.testing.v1.Main main
INFO: IAM integration is disabled. IAM policy methods and ACL checks are not supported
 {"metadata":{"emulator":{"name":"pubsub"},"message":"Mar 18, 2024 3:05:44 PM com.google.cloud.pubsub.testing.v1.Main main\nINFO: IAM integration is disabled. IAM policy methods and ACL checks are not supported\n"}}
[debug] [2024-03-18T09:35:44.204Z] SLF4J: Failed to load class "org.slf4j.impl.StaticLoggerBinder".
SLF4J: Defaulting to no-operation (NOP) logger implementation
SLF4J: See http://www.slf4j.org/codes.html#StaticLoggerBinder for further details.
 {"metadata":{"emulator":{"name":"pubsub"},"message":"SLF4J: Failed to load class \"org.slf4j.impl.StaticLoggerBinder\".\nSLF4J: Defaulting to no-operation (NOP) logger implementation\nSLF4J: See http://www.slf4j.org/codes.html#StaticLoggerBinder for further details.\n"}}
[debug] [2024-03-18T09:35:44.434Z] Mar 18, 2024 3:05:44 PM com.google.cloud.pubsub.testing.v1.Main main
INFO: Server started, listening on 8085
 {"metadata":{"emulator":{"name":"pubsub"},"message":"Mar 18, 2024 3:05:44 PM com.google.cloud.pubsub.testing.v1.Main main\nINFO: Server started, listening on 8085\n"}}
[debug] [2024-03-18T09:35:44.531Z] Ignoring unsupported arg: auto_download {"metadata":{"emulator":{"name":"ui"},"message":"Ignoring unsupported arg: auto_download"}}
[debug] [2024-03-18T09:35:44.531Z] Ignoring unsupported arg: port {"metadata":{"emulator":{"name":"ui"},"message":"Ignoring unsupported arg: port"}}
[debug] [2024-03-18T09:35:44.531Z] Starting Emulator UI with command {"binary":"node","args":["/home/bacancy/.cache/firebase/emulators/ui-v1.11.7/server/server.js"],"optionalArgs":[],"joinArgs":false} {"metadata":{"emulator":{"name":"ui"},"message":"Starting Emulator UI with command {\"binary\":\"node\",\"args\":[\"/home/bacancy/.cache/firebase/emulators/ui-v1.11.7/server/server.js\"],\"optionalArgs\":[],\"joinArgs\":false}"}}
[info] i  ui: Emulator UI logging to ui-debug.log {"metadata":{"emulator":{"name":"ui"},"message":"Emulator UI logging to \u001b[1mui-debug.log\u001b[22m"}}
[debug] [2024-03-18T09:35:44.590Z] Web / API server started at 127.0.0.1:4000
Web / API server started at ::1:4000
 {"metadata":{"emulator":{"name":"ui"},"message":"Web / API server started at 127.0.0.1:4000\nWeb / API server started at ::1:4000\n"}}
[info] i  functions: Watching "/home/bacancy/Documents/woundProject/functions" for Cloud Functions... {"metadata":{"emulator":{"name":"functions"},"message":"Watching \"/home/bacancy/Documents/woundProject/functions\" for Cloud Functions..."}}
[debug] [2024-03-18T09:35:44.793Z] Validating nodejs source
[debug] [2024-03-18T09:35:45.323Z] > [functions] package.json contents: {
  "name": "functions",
  "description": "Cloud Functions for Firebase",
  "scripts": {
    "serve": "firebase emulators:start --only functions",
    "shell": "firebase functions:shell",
    "start": "npm run shell",
    "deploy": "firebase deploy --only functions",
    "logs": "firebase functions:log"
  },
  "engines": {
    "node": "18"
  },
  "main": "index.js",
  "dependencies": {
    "bcrypt": "^5.1.1",
    "dotenv": "^16.4.5",
    "express": "^4.18.3",
    "firebase": "^10.9.0",
    "firebase-admin": "^11.11.1",
    "firebase-functions": "^4.3.1",
    "jsonwebtoken": "^9.0.2",
    "nodemailer": "^6.9.12"
  },
  "devDependencies": {
    "firebase-functions-test": "^3.1.0"
  },
  "private": true
}
[debug] [2024-03-18T09:35:45.323Z] Building nodejs source
[debug] [2024-03-18T09:35:45.324Z] Failed to find version of module node: reached end of search path /home/bacancy/Documents/woundProject/functions/node_modules
[warn] ⚠  functions: Your requested "node" version "18" doesn't match your global version "20". Using node@20 from host. 
[debug] [2024-03-18T09:35:45.326Z] Could not find functions.yaml. Must use http discovery
[debug] [2024-03-18T09:35:45.328Z] Found firebase-functions binary at '/home/bacancy/Documents/woundProject/functions/node_modules/.bin/firebase-functions'
[info] Serving at port 8333

[error] Error: Route.post() requires a callback function but got a [object Undefined]
    at Route.<computed> [as post] (/home/bacancy/Documents/woundProject/functions/node_modules/express/lib/router/route.js:216:15)
    at app.<computed> [as post] (/home/bacancy/Documents/woundProject/functions/node_modules/express/lib/application.js:499:19)
    at Object.<anonymous> (/home/bacancy/Documents/woundProject/functions/index.js:37:5)
    at Module._compile (node:internal/modules/cjs/loader:1376:14)
    at Module._extensions..js (node:internal/modules/cjs/loader:1435:10)
    at Module.load (node:internal/modules/cjs/loader:1207:32)
    at Module._load (node:internal/modules/cjs/loader:1023:12)
    at Module.require (node:internal/modules/cjs/loader:1235:19)
    at require (node:internal/modules/helpers:176:18)
    at loadModule (/home/bacancy/Documents/woundProject/functions/node_modules/firebase-functions/lib/runtime/loader.js:40:16)

[debug] [2024-03-18T09:35:45.569Z] Got response code 400; body Failed to generate manifest from function source: Error: Route.post() requires a callback function but got a [object Undefined]
[error] ⬢  functions: Failed to load function definition from source: FirebaseError: Functions codebase could not be analyzed successfully. It may have a syntax or runtime error {"metadata":{"emulator":{"name":"functions"},"message":"Failed to load function definition from source: FirebaseError: Functions codebase could not be analyzed successfully. It may have a syntax or runtime error"}}
[info] 
┌─────────────────────────────────────────────────────────────┐
│ ✔  All emulators ready! It is now safe to connect your app. │
│ i  View Emulator UI at http://127.0.0.1:4000/               │
└─────────────────────────────────────────────────────────────┘

┌────────────────┬──────────────────────────────────┬─────────────────────────────────┐
│ Emulator       │ Host:Port                        │ View in Emulator UI             │
├────────────────┼──────────────────────────────────┼─────────────────────────────────┤
│ Authentication │ 127.0.0.1:9099                   │ http://127.0.0.1:4000/auth      │
├────────────────┼──────────────────────────────────┼─────────────────────────────────┤
│ Functions      │ 127.0.0.1:5001                   │ http://127.0.0.1:4000/functions │
├────────────────┼──────────────────────────────────┼─────────────────────────────────┤
│ Firestore      │ 127.0.0.1:8080                   │ http://127.0.0.1:4000/firestore │
├────────────────┼──────────────────────────────────┼─────────────────────────────────┤
│ Hosting        │ Failed to initialize (see above) │                                 │
├────────────────┼──────────────────────────────────┼─────────────────────────────────┤
│ Pub/Sub        │ 127.0.0.1:8085                   │ n/a                             │
└────────────────┴──────────────────────────────────┴─────────────────────────────────┘
  Emulator Hub running at 127.0.0.1:4400
  Other reserved ports: 4500, 9151

Issues? Report them at https://github.com/firebase/firebase-tools/issues and attach the *-debug.log files.
 
[debug] [2024-03-18T09:35:59.517Z] Mar 18, 2024 3:05:59 PM com.google.cloud.datastore.emulator.firestore.websocket.WebSocketChannelHandler initChannel
INFO: Connected to new websocket client
 {"metadata":{"emulator":{"name":"firestore"},"message":"Mar 18, 2024 3:05:59 PM com.google.cloud.datastore.emulator.firestore.websocket.WebSocketChannelHandler initChannel\nINFO: Connected to new websocket client\n"}}
[debug] [2024-03-18T09:35:59.569Z] Mar 18, 2024 3:05:59 PM com.google.cloud.datastore.emulator.firestore.websocket.WebSocketChannelHandler initChannel
INFO: Connected to new websocket client
 {"metadata":{"emulator":{"name":"firestore"},"message":"Mar 18, 2024 3:05:59 PM com.google.cloud.datastore.emulator.firestore.websocket.WebSocketChannelHandler initChannel\nINFO: Connected to new websocket client\n"}}
[debug] [2024-03-18T09:36:09.580Z] File /home/bacancy/Documents/woundProject/functions/controller/user.js changed, reloading triggers {"metadata":{"emulator":{"name":"functions"},"message":"File /home/bacancy/Documents/woundProject/functions/controller/user.js changed, reloading triggers"}}
[debug] [2024-03-18T09:36:10.581Z] Validating nodejs source
[debug] [2024-03-18T09:36:11.145Z] > [functions] package.json contents: {
  "name": "functions",
  "description": "Cloud Functions for Firebase",
  "scripts": {
    "serve": "firebase emulators:start --only functions",
    "shell": "firebase functions:shell",
    "start": "npm run shell",
    "deploy": "firebase deploy --only functions",
    "logs": "firebase functions:log"
  },
  "engines": {
    "node": "18"
  },
  "main": "index.js",
  "dependencies": {
    "bcrypt": "^5.1.1",
    "dotenv": "^16.4.5",
    "express": "^4.18.3",
    "firebase": "^10.9.0",
    "firebase-admin": "^11.11.1",
    "firebase-functions": "^4.3.1",
    "jsonwebtoken": "^9.0.2",
    "nodemailer": "^6.9.12"
  },
  "devDependencies": {
    "firebase-functions-test": "^3.1.0"
  },
  "private": true
}
[debug] [2024-03-18T09:36:11.145Z] Building nodejs source
[debug] [2024-03-18T09:36:11.145Z] Failed to find version of module node: reached end of search path /home/bacancy/Documents/woundProject/functions/node_modules
[warn] ⚠  functions: Your requested "node" version "18" doesn't match your global version "20". Using node@20 from host. 
[debug] [2024-03-18T09:36:11.146Z] Could not find functions.yaml. Must use http discovery
[debug] [2024-03-18T09:36:11.146Z] Found firebase-functions binary at '/home/bacancy/Documents/woundProject/functions/node_modules/.bin/firebase-functions'
[info] Serving at port 8559

[error] /home/bacancy/Documents/woundProject/functions/controller/user.js:15
    const {email,}
          ^^^^^^^^

SyntaxError: Missing initializer in destructuring declaration
    at internalCompileFunction (node:internal/vm:77:18)
    at wrapSafe (node:internal/modules/cjs/loader:1288:20)
    at Module._compile (node:internal/modules/cjs/loader:1340:27)
    at Module._extensions..js (node:internal/modules/cjs/loader:1435:10)
    at Module.load (node:internal/modules/cjs/loader:1207:32)
    at Module._load (node:internal/modules/cjs/loader:1023:12)
    at Module.require (node:internal/modules/cjs/loader:1235:19)
    at require (node:internal/modules/helpers:176:18)
    at Object.<anonymous> (/home/bacancy/Documents/woundProject/functions/index.js:22:58)
    at Module._compile (node:internal/modules/cjs/loader:1376:14)

[debug] [2024-03-18T09:36:11.284Z] Got response code 400; body Failed to generate manifest from function source: SyntaxError: Missing initializer in destructuring declaration
[debug] [2024-03-18T09:36:12.449Z] File /home/bacancy/Documents/woundProject/functions/controller/user.js changed, reloading triggers {"metadata":{"emulator":{"name":"functions"},"message":"File /home/bacancy/Documents/woundProject/functions/controller/user.js changed, reloading triggers"}}
[debug] [2024-03-18T09:36:13.450Z] Validating nodejs source
[debug] [2024-03-18T09:36:13.821Z] > [functions] package.json contents: {
  "name": "functions",
  "description": "Cloud Functions for Firebase",
  "scripts": {
    "serve": "firebase emulators:start --only functions",
    "shell": "firebase functions:shell",
    "start": "npm run shell",
    "deploy": "firebase deploy --only functions",
    "logs": "firebase functions:log"
  },
  "engines": {
    "node": "18"
  },
  "main": "index.js",
  "dependencies": {
    "bcrypt": "^5.1.1",
    "dotenv": "^16.4.5",
    "express": "^4.18.3",
    "firebase": "^10.9.0",
    "firebase-admin": "^11.11.1",
    "firebase-functions": "^4.3.1",
    "jsonwebtoken": "^9.0.2",
    "nodemailer": "^6.9.12"
  },
  "devDependencies": {
    "firebase-functions-test": "^3.1.0"
  },
  "private": true
}
[debug] [2024-03-18T09:36:13.821Z] Building nodejs source
[debug] [2024-03-18T09:36:13.821Z] Failed to find version of module node: reached end of search path /home/bacancy/Documents/woundProject/functions/node_modules
[warn] ⚠  functions: Your requested "node" version "18" doesn't match your global version "20". Using node@20 from host. 
[debug] [2024-03-18T09:36:13.822Z] Could not find functions.yaml. Must use http discovery
[debug] [2024-03-18T09:36:13.823Z] Found firebase-functions binary at '/home/bacancy/Documents/woundProject/functions/node_modules/.bin/firebase-functions'
[info] Serving at port 8229

[error] /home/bacancy/Documents/woundProject/functions/controller/user.js:15
    const {email,password}
          ^^^^^^^^^^^^^^^^

SyntaxError: Missing initializer in destructuring declaration
    at internalCompileFunction (node:internal/vm:77:18)
    at wrapSafe (node:internal/modules/cjs/loader:1288:20)
    at Module._compile (node:internal/modules/cjs/loader:1340:27)
    at Module._extensions..js (node:internal/modules/cjs/loader:1435:10)
    at Module.load (node:internal/modules/cjs/loader:1207:32)
    at Module._load (node:internal/modules/cjs/loader:1023:12)
    at Module.require (node:internal/modules/cjs/loader:1235:19)
    at require (node:internal/modules/helpers:176:18)
    at Object.<anonymous> (/home/bacancy/Documents/woundProject/functions/index.js:22:58)
    at Module._compile (node:internal/modules/cjs/loader:1376:14)

[debug] [2024-03-18T09:36:13.971Z] Got response code 400; body Failed to generate manifest from function source: SyntaxError: Missing initializer in destructuring declaration
[debug] [2024-03-18T09:36:15.608Z] File /home/bacancy/Documents/woundProject/functions/controller/user.js changed, reloading triggers {"metadata":{"emulator":{"name":"functions"},"message":"File /home/bacancy/Documents/woundProject/functions/controller/user.js changed, reloading triggers"}}
[error] ⬢  functions: Failed to load function definition from source: FirebaseError: Functions codebase could not be analyzed successfully. It may have a syntax or runtime error {"metadata":{"emulator":{"name":"functions"},"message":"Failed to load function definition from source: FirebaseError: Functions codebase could not be analyzed successfully. It may have a syntax or runtime error"}}
[debug] [2024-03-18T09:36:16.609Z] Validating nodejs source
[debug] [2024-03-18T09:36:16.972Z] > [functions] package.json contents: {
  "name": "functions",
  "description": "Cloud Functions for Firebase",
  "scripts": {
    "serve": "firebase emulators:start --only functions",
    "shell": "firebase functions:shell",
    "start": "npm run shell",
    "deploy": "firebase deploy --only functions",
    "logs": "firebase functions:log"
  },
  "engines": {
    "node": "18"
  },
  "main": "index.js",
  "dependencies": {
    "bcrypt": "^5.1.1",
    "dotenv": "^16.4.5",
    "express": "^4.18.3",
    "firebase": "^10.9.0",
    "firebase-admin": "^11.11.1",
    "firebase-functions": "^4.3.1",
    "jsonwebtoken": "^9.0.2",
    "nodemailer": "^6.9.12"
  },
  "devDependencies": {
    "firebase-functions-test": "^3.1.0"
  },
  "private": true
}
[debug] [2024-03-18T09:36:16.972Z] Building nodejs source
[debug] [2024-03-18T09:36:16.972Z] Failed to find version of module node: reached end of search path /home/bacancy/Documents/woundProject/functions/node_modules
[warn] ⚠  functions: Your requested "node" version "18" doesn't match your global version "20". Using node@20 from host. 
[debug] [2024-03-18T09:36:16.973Z] Could not find functions.yaml. Must use http discovery
[debug] [2024-03-18T09:36:16.974Z] Found firebase-functions binary at '/home/bacancy/Documents/woundProject/functions/node_modules/.bin/firebase-functions'
[info] Serving at port 8996

[error] /home/bacancy/Documents/woundProject/functions/controller/user.js:15
    const {email,password,role }
          ^^^^^^^^^^^^^^^^^^^^^^

SyntaxError: Missing initializer in destructuring declaration
    at internalCompileFunction (node:internal/vm:77:18)
    at wrapSafe (node:internal/modules/cjs/loader:1288:20)
    at Module._compile (node:internal/modules/cjs/loader:1340:27)
    at Module._extensions..js (node:internal/modules/cjs/loader:1435:10)
    at Module.load (node:internal/modules/cjs/loader:1207:32)
    at Module._load (node:internal/modules/cjs/loader:1023:12)
    at Module.require (node:internal/modules/cjs/loader:1235:19)
    at require (node:internal/modules/helpers:176:18)
    at Object.<anonymous> (/home/bacancy/Documents/woundProject/functions/index.js:22:58)
    at Module._compile (node:internal/modules/cjs/loader:1376:14)

[debug] [2024-03-18T09:36:17.123Z] Got response code 400; body Failed to generate manifest from function source: SyntaxError: Missing initializer in destructuring declaration
[error] ⬢  functions: Failed to load function definition from source: FirebaseError: Functions codebase could not be analyzed successfully. It may have a syntax or runtime error {"metadata":{"emulator":{"name":"functions"},"message":"Failed to load function definition from source: FirebaseError: Functions codebase could not be analyzed successfully. It may have a syntax or runtime error"}}
[debug] [2024-03-18T09:36:19.721Z] File /home/bacancy/Documents/woundProject/functions/controller/user.js changed, reloading triggers {"metadata":{"emulator":{"name":"functions"},"message":"File /home/bacancy/Documents/woundProject/functions/controller/user.js changed, reloading triggers"}}
[debug] [2024-03-18T09:36:20.722Z] Validating nodejs source
[debug] [2024-03-18T09:36:21.105Z] > [functions] package.json contents: {
  "name": "functions",
  "description": "Cloud Functions for Firebase",
  "scripts": {
    "serve": "firebase emulators:start --only functions",
    "shell": "firebase functions:shell",
    "start": "npm run shell",
    "deploy": "firebase deploy --only functions",
    "logs": "firebase functions:log"
  },
  "engines": {
    "node": "18"
  },
  "main": "index.js",
  "dependencies": {
    "bcrypt": "^5.1.1",
    "dotenv": "^16.4.5",
    "express": "^4.18.3",
    "firebase": "^10.9.0",
    "firebase-admin": "^11.11.1",
    "firebase-functions": "^4.3.1",
    "jsonwebtoken": "^9.0.2",
    "nodemailer": "^6.9.12"
  },
  "devDependencies": {
    "firebase-functions-test": "^3.1.0"
  },
  "private": true
}
[debug] [2024-03-18T09:36:21.105Z] Building nodejs source
[debug] [2024-03-18T09:36:21.105Z] Failed to find version of module node: reached end of search path /home/bacancy/Documents/woundProject/functions/node_modules
[warn] ⚠  functions: Your requested "node" version "18" doesn't match your global version "20". Using node@20 from host. 
[debug] [2024-03-18T09:36:21.106Z] Could not find functions.yaml. Must use http discovery
[debug] [2024-03-18T09:36:21.107Z] Found firebase-functions binary at '/home/bacancy/Documents/woundProject/functions/node_modules/.bin/firebase-functions'
[info] Serving at port 8666

[debug] [2024-03-18T09:36:21.272Z] File /home/bacancy/Documents/woundProject/functions/controller/user.js changed, reloading triggers {"metadata":{"emulator":{"name":"functions"},"message":"File /home/bacancy/Documents/woundProject/functions/controller/user.js changed, reloading triggers"}}
[error] Error: Route.post() requires a callback function but got a [object Undefined]
    at Route.<computed> [as post] (/home/bacancy/Documents/woundProject/functions/node_modules/express/lib/router/route.js:216:15)
    at app.<computed> [as post] (/home/bacancy/Documents/woundProject/functions/node_modules/express/lib/application.js:499:19)
    at Object.<anonymous> (/home/bacancy/Documents/woundProject/functions/index.js:37:5)
    at Module._compile (node:internal/modules/cjs/loader:1376:14)
    at Module._extensions..js (node:internal/modules/cjs/loader:1435:10)
    at Module.load (node:internal/modules/cjs/loader:1207:32)
    at Module._load (node:internal/modules/cjs/loader:1023:12)
    at Module.require (node:internal/modules/cjs/loader:1235:19)
    at require (node:internal/modules/helpers:176:18)
    at loadModule (/home/bacancy/Documents/woundProject/functions/node_modules/firebase-functions/lib/runtime/loader.js:40:16)

[debug] [2024-03-18T09:36:21.359Z] Got response code 400; body Failed to generate manifest from function source: Error: Route.post() requires a callback function but got a [object Undefined]
[error] ⬢  functions: Failed to load function definition from source: FirebaseError: Functions codebase could not be analyzed successfully. It may have a syntax or runtime error {"metadata":{"emulator":{"name":"functions"},"message":"Failed to load function definition from source: FirebaseError: Functions codebase could not be analyzed successfully. It may have a syntax or runtime error"}}
[debug] [2024-03-18T09:36:22.274Z] Validating nodejs source
[debug] [2024-03-18T09:36:22.630Z] > [functions] package.json contents: {
  "name": "functions",
  "description": "Cloud Functions for Firebase",
  "scripts": {
    "serve": "firebase emulators:start --only functions",
    "shell": "firebase functions:shell",
    "start": "npm run shell",
    "deploy": "firebase deploy --only functions",
    "logs": "firebase functions:log"
  },
  "engines": {
    "node": "18"
  },
  "main": "index.js",
  "dependencies": {
    "bcrypt": "^5.1.1",
    "dotenv": "^16.4.5",
    "express": "^4.18.3",
    "firebase": "^10.9.0",
    "firebase-admin": "^11.11.1",
    "firebase-functions": "^4.3.1",
    "jsonwebtoken": "^9.0.2",
    "nodemailer": "^6.9.12"
  },
  "devDependencies": {
    "firebase-functions-test": "^3.1.0"
  },
  "private": true
}
[debug] [2024-03-18T09:36:22.630Z] Building nodejs source
[debug] [2024-03-18T09:36:22.630Z] Failed to find version of module node: reached end of search path /home/bacancy/Documents/woundProject/functions/node_modules
[warn] ⚠  functions: Your requested "node" version "18" doesn't match your global version "20". Using node@20 from host. 
[debug] [2024-03-18T09:36:22.631Z] Could not find functions.yaml. Must use http discovery
[debug] [2024-03-18T09:36:22.631Z] Found firebase-functions binary at '/home/bacancy/Documents/woundProject/functions/node_modules/.bin/firebase-functions'
[info] Serving at port 8807

[error] Error: Route.post() requires a callback function but got a [object Undefined]
    at Route.<computed> [as post] (/home/bacancy/Documents/woundProject/functions/node_modules/express/lib/router/route.js:216:15)
    at app.<computed> [as post] (/home/bacancy/Documents/woundProject/functions/node_modules/express/lib/application.js:499:19)
    at Object.<anonymous> (/home/bacancy/Documents/woundProject/functions/index.js:37:5)
    at Module._compile (node:internal/modules/cjs/loader:1376:14)
    at Module._extensions..js (node:internal/modules/cjs/loader:1435:10)
    at Module.load (node:internal/modules/cjs/loader:1207:32)
    at Module._load (node:internal/modules/cjs/loader:1023:12)
    at Module.require (node:internal/modules/cjs/loader:1235:19)
    at require (node:internal/modules/helpers:176:18)
    at loadModule (/home/bacancy/Documents/woundProject/functions/node_modules/firebase-functions/lib/runtime/loader.js:40:16)

[debug] [2024-03-18T09:36:22.875Z] Got response code 400; body Failed to generate manifest from function source: Error: Route.post() requires a callback function but got a [object Undefined]
[debug] [2024-03-18T09:36:25.095Z] File /home/bacancy/Documents/woundProject/functions/controller/user.js changed, reloading triggers {"metadata":{"emulator":{"name":"functions"},"message":"File /home/bacancy/Documents/woundProject/functions/controller/user.js changed, reloading triggers"}}
[debug] [2024-03-18T09:36:26.095Z] Validating nodejs source
[debug] [2024-03-18T09:36:26.454Z] > [functions] package.json contents: {
  "name": "functions",
  "description": "Cloud Functions for Firebase",
  "scripts": {
    "serve": "firebase emulators:start --only functions",
    "shell": "firebase functions:shell",
    "start": "npm run shell",
    "deploy": "firebase deploy --only functions",
    "logs": "firebase functions:log"
  },
  "engines": {
    "node": "18"
  },
  "main": "index.js",
  "dependencies": {
    "bcrypt": "^5.1.1",
    "dotenv": "^16.4.5",
    "express": "^4.18.3",
    "firebase": "^10.9.0",
    "firebase-admin": "^11.11.1",
    "firebase-functions": "^4.3.1",
    "jsonwebtoken": "^9.0.2",
    "nodemailer": "^6.9.12"
  },
  "devDependencies": {
    "firebase-functions-test": "^3.1.0"
  },
  "private": true
}
[debug] [2024-03-18T09:36:26.454Z] Building nodejs source
[debug] [2024-03-18T09:36:26.454Z] Failed to find version of module node: reached end of search path /home/bacancy/Documents/woundProject/functions/node_modules
[warn] ⚠  functions: Your requested "node" version "18" doesn't match your global version "20". Using node@20 from host. 
[debug] [2024-03-18T09:36:26.455Z] Could not find functions.yaml. Must use http discovery
[debug] [2024-03-18T09:36:26.456Z] Found firebase-functions binary at '/home/bacancy/Documents/woundProject/functions/node_modules/.bin/firebase-functions'
[error] ⬢  functions: Failed to load function definition from source: FirebaseError: Functions codebase could not be analyzed successfully. It may have a syntax or runtime error {"metadata":{"emulator":{"name":"functions"},"message":"Failed to load function definition from source: FirebaseError: Functions codebase could not be analyzed successfully. It may have a syntax or runtime error"}}
[info] Serving at port 8261

[error] Error: Route.post() requires a callback function but got a [object Undefined]
    at Route.<computed> [as post] (/home/bacancy/Documents/woundProject/functions/node_modules/express/lib/router/route.js:216:15)
    at app.<computed> [as post] (/home/bacancy/Documents/woundProject/functions/node_modules/express/lib/application.js:499:19)
    at Object.<anonymous> (/home/bacancy/Documents/woundProject/functions/index.js:37:5)
    at Module._compile (node:internal/modules/cjs/loader:1376:14)
    at Module._extensions..js (node:internal/modules/cjs/loader:1435:10)
    at Module.load (node:internal/modules/cjs/loader:1207:32)
    at Module._load (node:internal/modules/cjs/loader:1023:12)
    at Module.require (node:internal/modules/cjs/loader:1235:19)
    at require (node:internal/modules/helpers:176:18)
    at loadModule (/home/bacancy/Documents/woundProject/functions/node_modules/firebase-functions/lib/runtime/loader.js:40:16)

[debug] [2024-03-18T09:36:26.694Z] Got response code 400; body Failed to generate manifest from function source: Error: Route.post() requires a callback function but got a [object Undefined]
[error] ⬢  functions: Failed to load function definition from source: FirebaseError: Functions codebase could not be analyzed successfully. It may have a syntax or runtime error {"metadata":{"emulator":{"name":"functions"},"message":"Failed to load function definition from source: FirebaseError: Functions codebase could not be analyzed successfully. It may have a syntax or runtime error"}}
[error] ⬢  functions: Failed to load function definition from source: FirebaseError: Functions codebase could not be analyzed successfully. It may have a syntax or runtime error {"metadata":{"emulator":{"name":"functions"},"message":"Failed to load function definition from source: FirebaseError: Functions codebase could not be analyzed successfully. It may have a syntax or runtime error"}}
[debug] [2024-03-18T09:36:48.443Z] File /home/bacancy/Documents/woundProject/functions/controller/user.js changed, reloading triggers {"metadata":{"emulator":{"name":"functions"},"message":"File /home/bacancy/Documents/woundProject/functions/controller/user.js changed, reloading triggers"}}
[debug] [2024-03-18T09:36:49.443Z] Validating nodejs source
[debug] [2024-03-18T09:36:49.855Z] > [functions] package.json contents: {
  "name": "functions",
  "description": "Cloud Functions for Firebase",
  "scripts": {
    "serve": "firebase emulators:start --only functions",
    "shell": "firebase functions:shell",
    "start": "npm run shell",
    "deploy": "firebase deploy --only functions",
    "logs": "firebase functions:log"
  },
  "engines": {
    "node": "18"
  },
  "main": "index.js",
  "dependencies": {
    "bcrypt": "^5.1.1",
    "dotenv": "^16.4.5",
    "express": "^4.18.3",
    "firebase": "^10.9.0",
    "firebase-admin": "^11.11.1",
    "firebase-functions": "^4.3.1",
    "jsonwebtoken": "^9.0.2",
    "nodemailer": "^6.9.12"
  },
  "devDependencies": {
    "firebase-functions-test": "^3.1.0"
  },
  "private": true
}
[debug] [2024-03-18T09:36:49.856Z] Building nodejs source
[debug] [2024-03-18T09:36:49.856Z] Failed to find version of module node: reached end of search path /home/bacancy/Documents/woundProject/functions/node_modules
[warn] ⚠  functions: Your requested "node" version "18" doesn't match your global version "20". Using node@20 from host. 
[debug] [2024-03-18T09:36:49.857Z] Could not find functions.yaml. Must use http discovery
[debug] [2024-03-18T09:36:49.858Z] Found firebase-functions binary at '/home/bacancy/Documents/woundProject/functions/node_modules/.bin/firebase-functions'
[info] Serving at port 8777

[error] Error: Route.post() requires a callback function but got a [object Undefined]
    at Route.<computed> [as post] (/home/bacancy/Documents/woundProject/functions/node_modules/express/lib/router/route.js:216:15)
    at app.<computed> [as post] (/home/bacancy/Documents/woundProject/functions/node_modules/express/lib/application.js:499:19)
    at Object.<anonymous> (/home/bacancy/Documents/woundProject/functions/index.js:37:5)
    at Module._compile (node:internal/modules/cjs/loader:1376:14)
    at Module._extensions..js (node:internal/modules/cjs/loader:1435:10)
    at Module.load (node:internal/modules/cjs/loader:1207:32)
    at Module._load (node:internal/modules/cjs/loader:1023:12)
    at Module.require (node:internal/modules/cjs/loader:1235:19)
    at require (node:internal/modules/helpers:176:18)
    at loadModule (/home/bacancy/Documents/woundProject/functions/node_modules/firebase-functions/lib/runtime/loader.js:40:16)

[debug] [2024-03-18T09:36:50.100Z] Got response code 400; body Failed to generate manifest from function source: Error: Route.post() requires a callback function but got a [object Undefined]
[debug] [2024-03-18T09:36:51.550Z] File /home/bacancy/Documents/woundProject/functions/controller/user.js changed, reloading triggers {"metadata":{"emulator":{"name":"functions"},"message":"File /home/bacancy/Documents/woundProject/functions/controller/user.js changed, reloading triggers"}}
[debug] [2024-03-18T09:36:52.552Z] Validating nodejs source
[debug] [2024-03-18T09:36:52.989Z] > [functions] package.json contents: {
  "name": "functions",
  "description": "Cloud Functions for Firebase",
  "scripts": {
    "serve": "firebase emulators:start --only functions",
    "shell": "firebase functions:shell",
    "start": "npm run shell",
    "deploy": "firebase deploy --only functions",
    "logs": "firebase functions:log"
  },
  "engines": {
    "node": "18"
  },
  "main": "index.js",
  "dependencies": {
    "bcrypt": "^5.1.1",
    "dotenv": "^16.4.5",
    "express": "^4.18.3",
    "firebase": "^10.9.0",
    "firebase-admin": "^11.11.1",
    "firebase-functions": "^4.3.1",
    "jsonwebtoken": "^9.0.2",
    "nodemailer": "^6.9.12"
  },
  "devDependencies": {
    "firebase-functions-test": "^3.1.0"
  },
  "private": true
}
[debug] [2024-03-18T09:36:52.989Z] Building nodejs source
[debug] [2024-03-18T09:36:52.989Z] Failed to find version of module node: reached end of search path /home/bacancy/Documents/woundProject/functions/node_modules
[warn] ⚠  functions: Your requested "node" version "18" doesn't match your global version "20". Using node@20 from host. 
[debug] [2024-03-18T09:36:52.990Z] Could not find functions.yaml. Must use http discovery
[debug] [2024-03-18T09:36:52.990Z] Found firebase-functions binary at '/home/bacancy/Documents/woundProject/functions/node_modules/.bin/firebase-functions'
[info] Serving at port 8138

[error] Error: Route.post() requires a callback function but got a [object Undefined]
    at Route.<computed> [as post] (/home/bacancy/Documents/woundProject/functions/node_modules/express/lib/router/route.js:216:15)
    at app.<computed> [as post] (/home/bacancy/Documents/woundProject/functions/node_modules/express/lib/application.js:499:19)
    at Object.<anonymous> (/home/bacancy/Documents/woundProject/functions/index.js:37:5)
    at Module._compile (node:internal/modules/cjs/loader:1376:14)
    at Module._extensions..js (node:internal/modules/cjs/loader:1435:10)
    at Module.load (node:internal/modules/cjs/loader:1207:32)
    at Module._load (node:internal/modules/cjs/loader:1023:12)
    at Module.require (node:internal/modules/cjs/loader:1235:19)
    at require (node:internal/modules/helpers:176:18)
    at loadModule (/home/bacancy/Documents/woundProject/functions/node_modules/firebase-functions/lib/runtime/loader.js:40:16)

[debug] [2024-03-18T09:36:53.210Z] Got response code 400; body Failed to generate manifest from function source: Error: Route.post() requires a callback function but got a [object Undefined]
[error] ⬢  functions: Failed to load function definition from source: FirebaseError: Functions codebase could not be analyzed successfully. It may have a syntax or runtime error {"metadata":{"emulator":{"name":"functions"},"message":"Failed to load function definition from source: FirebaseError: Functions codebase could not be analyzed successfully. It may have a syntax or runtime error"}}
[error] ⬢  functions: Failed to load function definition from source: FirebaseError: Functions codebase could not be analyzed successfully. It may have a syntax or runtime error {"metadata":{"emulator":{"name":"functions"},"message":"Failed to load function definition from source: FirebaseError: Functions codebase could not be analyzed successfully. It may have a syntax or runtime error"}}
[debug] [2024-03-18T09:37:04.513Z] Mar 18, 2024 3:07:04 PM io.gapi.emulators.netty.HttpVersionRoutingHandler channelRead
INFO: Detected non-HTTP/2 connection.
 {"metadata":{"emulator":{"name":"firestore"},"message":"Mar 18, 2024 3:07:04 PM io.gapi.emulators.netty.HttpVersionRoutingHandler channelRead\nINFO: Detected non-HTTP/2 connection.\n"}}
[debug] [2024-03-18T09:37:04.896Z] Mar 18, 2024 3:07:04 PM io.gapi.emulators.netty.HttpVersionRoutingHandler channelRead
INFO: Detected non-HTTP/2 connection.
 {"metadata":{"emulator":{"name":"firestore"},"message":"Mar 18, 2024 3:07:04 PM io.gapi.emulators.netty.HttpVersionRoutingHandler channelRead\nINFO: Detected non-HTTP/2 connection.\n"}}
[debug] [2024-03-18T09:37:19.810Z] Mar 18, 2024 3:07:19 PM io.gapi.emulators.netty.HttpVersionRoutingHandler channelRead
INFO: Detected non-HTTP/2 connection.
 {"metadata":{"emulator":{"name":"firestore"},"message":"Mar 18, 2024 3:07:19 PM io.gapi.emulators.netty.HttpVersionRoutingHandler channelRead\nINFO: Detected non-HTTP/2 connection.\n"}}
[debug] [2024-03-18T09:37:19.810Z] Mar 18, 2024 3:07:19 PM io.gapi.emulators.netty.HttpVersionRoutingHandler channelRead
INFO: Detected non-HTTP/2 connection.
 {"metadata":{"emulator":{"name":"firestore"},"message":"Mar 18, 2024 3:07:19 PM io.gapi.emulators.netty.HttpVersionRoutingHandler channelRead\nINFO: Detected non-HTTP/2 connection.\n"}}
[debug] [2024-03-18T09:37:19.813Z] Mar 18, 2024 3:07:19 PM io.gapi.emulators.netty.HttpVersionRoutingHandler channelRead
INFO: Detected non-HTTP/2 connection.
 {"metadata":{"emulator":{"name":"firestore"},"message":"Mar 18, 2024 3:07:19 PM io.gapi.emulators.netty.HttpVersionRoutingHandler channelRead\nINFO: Detected non-HTTP/2 connection.\n"}}
[debug] [2024-03-18T09:37:19.851Z] Mar 18, 2024 3:07:19 PM com.google.cloud.datastore.emulator.firestore.websocket.WebSocketChannelHandler initChannel
INFO: Connected to new websocket client
 {"metadata":{"emulator":{"name":"firestore"},"message":"Mar 18, 2024 3:07:19 PM com.google.cloud.datastore.emulator.firestore.websocket.WebSocketChannelHandler initChannel\nINFO: Connected to new websocket client\n"}}
[debug] [2024-03-18T09:37:19.852Z] Mar 18, 2024 3:07:19 PM com.google.cloud.datastore.emulator.firestore.websocket.WebSocketChannelHandler channelClosed
INFO: Websocket client disconnected
 {"metadata":{"emulator":{"name":"firestore"},"message":"Mar 18, 2024 3:07:19 PM com.google.cloud.datastore.emulator.firestore.websocket.WebSocketChannelHandler channelClosed\nINFO: Websocket client disconnected\n"}}
[debug] [2024-03-18T09:37:19.858Z] Mar 18, 2024 3:07:19 PM io.gapi.emulators.netty.HttpVersionRoutingHandler channelRead
INFO: Detected non-HTTP/2 connection.
 {"metadata":{"emulator":{"name":"firestore"},"message":"Mar 18, 2024 3:07:19 PM io.gapi.emulators.netty.HttpVersionRoutingHandler channelRead\nINFO: Detected non-HTTP/2 connection.\n"}}
[debug] [2024-03-18T09:37:19.878Z] Mar 18, 2024 3:07:19 PM com.google.cloud.datastore.emulator.firestore.webchannel.FirestoreV1WebChannelAdapter$FirestoreListenHandler onClose
INFO: channel closed
 {"metadata":{"emulator":{"name":"firestore"},"message":"Mar 18, 2024 3:07:19 PM com.google.cloud.datastore.emulator.firestore.webchannel.FirestoreV1WebChannelAdapter$FirestoreListenHandler onClose\nINFO: channel closed\n"}}
[debug] [2024-03-18T09:37:19.890Z] Mar 18, 2024 3:07:19 PM io.gapi.emulators.netty.HttpVersionRoutingHandler channelRead
INFO: Detected non-HTTP/2 connection.
 {"metadata":{"emulator":{"name":"firestore"},"message":"Mar 18, 2024 3:07:19 PM io.gapi.emulators.netty.HttpVersionRoutingHandler channelRead\nINFO: Detected non-HTTP/2 connection.\n"}}
[debug] [2024-03-18T09:37:19.914Z] Mar 18, 2024 3:07:19 PM io.gapi.emulators.netty.HttpVersionRoutingHandler channelRead
INFO: Detected non-HTTP/2 connection.
 {"metadata":{"emulator":{"name":"firestore"},"message":"Mar 18, 2024 3:07:19 PM io.gapi.emulators.netty.HttpVersionRoutingHandler channelRead\nINFO: Detected non-HTTP/2 connection.\n"}}
[debug] [2024-03-18T09:37:19.922Z] Mar 18, 2024 3:07:19 PM io.gapi.emulators.netty.HttpVersionRoutingHandler channelRead
INFO: Detected HTTP/2 connection.
 {"metadata":{"emulator":{"name":"firestore"},"message":"Mar 18, 2024 3:07:19 PM io.gapi.emulators.netty.HttpVersionRoutingHandler channelRead\nINFO: Detected HTTP/2 connection.\n"}}
[debug] [2024-03-18T09:37:19.939Z] Mar 18, 2024 3:07:19 PM io.gapi.emulators.netty.HttpVersionRoutingHandler channelRead
INFO: Detected non-HTTP/2 connection.
 {"metadata":{"emulator":{"name":"firestore"},"message":"Mar 18, 2024 3:07:19 PM io.gapi.emulators.netty.HttpVersionRoutingHandler channelRead\nINFO: Detected non-HTTP/2 connection.\n"}}
[debug] [2024-03-18T09:37:20.528Z] Mar 18, 2024 3:07:20 PM com.google.cloud.datastore.emulator.firestore.websocket.WebSocketChannelHandler channelClosed
INFO: Websocket client disconnected
 {"metadata":{"emulator":{"name":"firestore"},"message":"Mar 18, 2024 3:07:20 PM com.google.cloud.datastore.emulator.firestore.websocket.WebSocketChannelHandler channelClosed\nINFO: Websocket client disconnected\n"}}
[debug] [2024-03-18T09:37:20.557Z] Mar 18, 2024 3:07:20 PM com.google.cloud.datastore.emulator.firestore.websocket.WebSocketChannelHandler initChannel
INFO: Connected to new websocket client
 {"metadata":{"emulator":{"name":"firestore"},"message":"Mar 18, 2024 3:07:20 PM com.google.cloud.datastore.emulator.firestore.websocket.WebSocketChannelHandler initChannel\nINFO: Connected to new websocket client\n"}}
[debug] [2024-03-18T09:38:05.518Z] Mar 18, 2024 3:08:05 PM io.gapi.emulators.netty.HttpVersionRoutingHandler channelRead
INFO: Detected non-HTTP/2 connection.
 {"metadata":{"emulator":{"name":"firestore"},"message":"Mar 18, 2024 3:08:05 PM io.gapi.emulators.netty.HttpVersionRoutingHandler channelRead\nINFO: Detected non-HTTP/2 connection.\n"}}
[debug] [2024-03-18T09:38:51.515Z] Mar 18, 2024 3:08:51 PM io.gapi.emulators.netty.HttpVersionRoutingHandler channelRead
INFO: Detected non-HTTP/2 connection.
 {"metadata":{"emulator":{"name":"firestore"},"message":"Mar 18, 2024 3:08:51 PM io.gapi.emulators.netty.HttpVersionRoutingHandler channelRead\nINFO: Detected non-HTTP/2 connection.\n"}}
[debug] [2024-03-18T09:39:37.518Z] Mar 18, 2024 3:09:37 PM io.gapi.emulators.netty.HttpVersionRoutingHandler channelRead
INFO: Detected non-HTTP/2 connection.
 {"metadata":{"emulator":{"name":"firestore"},"message":"Mar 18, 2024 3:09:37 PM io.gapi.emulators.netty.HttpVersionRoutingHandler channelRead\nINFO: Detected non-HTTP/2 connection.\n"}}
[debug] [2024-03-18T09:40:23.517Z] Mar 18, 2024 3:10:23 PM io.gapi.emulators.netty.HttpVersionRoutingHandler channelRead
INFO: Detected non-HTTP/2 connection.
 {"metadata":{"emulator":{"name":"firestore"},"message":"Mar 18, 2024 3:10:23 PM io.gapi.emulators.netty.HttpVersionRoutingHandler channelRead\nINFO: Detected non-HTTP/2 connection.\n"}}
[debug] [2024-03-18T09:41:09.517Z] Mar 18, 2024 3:11:09 PM io.gapi.emulators.netty.HttpVersionRoutingHandler channelRead
INFO: Detected non-HTTP/2 connection.
 {"metadata":{"emulator":{"name":"firestore"},"message":"Mar 18, 2024 3:11:09 PM io.gapi.emulators.netty.HttpVersionRoutingHandler channelRead\nINFO: Detected non-HTTP/2 connection.\n"}}
[debug] [2024-03-18T09:41:55.524Z] Mar 18, 2024 3:11:55 PM io.gapi.emulators.netty.HttpVersionRoutingHandler channelRead
INFO: Detected non-HTTP/2 connection.
 {"metadata":{"emulator":{"name":"firestore"},"message":"Mar 18, 2024 3:11:55 PM io.gapi.emulators.netty.HttpVersionRoutingHandler channelRead\nINFO: Detected non-HTTP/2 connection.\n"}}
[debug] [2024-03-18T09:42:41.517Z] Mar 18, 2024 3:12:41 PM io.gapi.emulators.netty.HttpVersionRoutingHandler channelRead
INFO: Detected non-HTTP/2 connection.
 {"metadata":{"emulator":{"name":"firestore"},"message":"Mar 18, 2024 3:12:41 PM io.gapi.emulators.netty.HttpVersionRoutingHandler channelRead\nINFO: Detected non-HTTP/2 connection.\n"}}
[debug] [2024-03-18T09:43:27.527Z] Mar 18, 2024 3:13:27 PM io.gapi.emulators.netty.HttpVersionRoutingHandler channelRead
INFO: Detected non-HTTP/2 connection.
 {"metadata":{"emulator":{"name":"firestore"},"message":"Mar 18, 2024 3:13:27 PM io.gapi.emulators.netty.HttpVersionRoutingHandler channelRead\nINFO: Detected non-HTTP/2 connection.\n"}}
[debug] [2024-03-18T09:44:13.519Z] Mar 18, 2024 3:14:13 PM io.gapi.emulators.netty.HttpVersionRoutingHandler channelRead
INFO: Detected non-HTTP/2 connection.
 {"metadata":{"emulator":{"name":"firestore"},"message":"Mar 18, 2024 3:14:13 PM io.gapi.emulators.netty.HttpVersionRoutingHandler channelRead\nINFO: Detected non-HTTP/2 connection.\n"}}
[debug] [2024-03-18T09:44:59.515Z] Mar 18, 2024 3:14:59 PM io.gapi.emulators.netty.HttpVersionRoutingHandler channelRead
INFO: Detected non-HTTP/2 connection.
 {"metadata":{"emulator":{"name":"firestore"},"message":"Mar 18, 2024 3:14:59 PM io.gapi.emulators.netty.HttpVersionRoutingHandler channelRead\nINFO: Detected non-HTTP/2 connection.\n"}}
[debug] [2024-03-18T09:45:45.514Z] Mar 18, 2024 3:15:45 PM io.gapi.emulators.netty.HttpVersionRoutingHandler channelRead
INFO: Detected non-HTTP/2 connection.
 {"metadata":{"emulator":{"name":"firestore"},"message":"Mar 18, 2024 3:15:45 PM io.gapi.emulators.netty.HttpVersionRoutingHandler channelRead\nINFO: Detected non-HTTP/2 connection.\n"}}
[debug] [2024-03-18T09:46:31.513Z] Mar 18, 2024 3:16:31 PM io.gapi.emulators.netty.HttpVersionRoutingHandler channelRead
INFO: Detected non-HTTP/2 connection.
 {"metadata":{"emulator":{"name":"firestore"},"message":"Mar 18, 2024 3:16:31 PM io.gapi.emulators.netty.HttpVersionRoutingHandler channelRead\nINFO: Detected non-HTTP/2 connection.\n"}}
[debug] [2024-03-18T09:47:17.510Z] Mar 18, 2024 3:17:17 PM io.gapi.emulators.netty.HttpVersionRoutingHandler channelRead
INFO: Detected non-HTTP/2 connection.
 {"metadata":{"emulator":{"name":"firestore"},"message":"Mar 18, 2024 3:17:17 PM io.gapi.emulators.netty.HttpVersionRoutingHandler channelRead\nINFO: Detected non-HTTP/2 connection.\n"}}
[debug] [2024-03-18T09:48:03.512Z] Mar 18, 2024 3:18:03 PM io.gapi.emulators.netty.HttpVersionRoutingHandler channelRead
INFO: Detected non-HTTP/2 connection.
 {"metadata":{"emulator":{"name":"firestore"},"message":"Mar 18, 2024 3:18:03 PM io.gapi.emulators.netty.HttpVersionRoutingHandler channelRead\nINFO: Detected non-HTTP/2 connection.\n"}}
[debug] [2024-03-18T09:48:49.512Z] Mar 18, 2024 3:18:49 PM io.gapi.emulators.netty.HttpVersionRoutingHandler channelRead
INFO: Detected non-HTTP/2 connection.
 {"metadata":{"emulator":{"name":"firestore"},"message":"Mar 18, 2024 3:18:49 PM io.gapi.emulators.netty.HttpVersionRoutingHandler channelRead\nINFO: Detected non-HTTP/2 connection.\n"}}
[debug] [2024-03-18T09:49:35.513Z] Mar 18, 2024 3:19:35 PM io.gapi.emulators.netty.HttpVersionRoutingHandler channelRead
INFO: Detected non-HTTP/2 connection.
 {"metadata":{"emulator":{"name":"firestore"},"message":"Mar 18, 2024 3:19:35 PM io.gapi.emulators.netty.HttpVersionRoutingHandler channelRead\nINFO: Detected non-HTTP/2 connection.\n"}}
[debug] [2024-03-18T09:50:51.513Z] Mar 18, 2024 3:20:51 PM io.gapi.emulators.netty.HttpVersionRoutingHandler channelRead
INFO: Detected non-HTTP/2 connection.
 {"metadata":{"emulator":{"name":"firestore"},"message":"Mar 18, 2024 3:20:51 PM io.gapi.emulators.netty.HttpVersionRoutingHandler channelRead\nINFO: Detected non-HTTP/2 connection.\n"}}
[debug] [2024-03-18T09:51:37.513Z] Mar 18, 2024 3:21:37 PM io.gapi.emulators.netty.HttpVersionRoutingHandler channelRead
INFO: Detected non-HTTP/2 connection.
 {"metadata":{"emulator":{"name":"firestore"},"message":"Mar 18, 2024 3:21:37 PM io.gapi.emulators.netty.HttpVersionRoutingHandler channelRead\nINFO: Detected non-HTTP/2 connection.\n"}}
[debug] [2024-03-18T09:52:23.512Z] Mar 18, 2024 3:22:23 PM io.gapi.emulators.netty.HttpVersionRoutingHandler channelRead
INFO: Detected non-HTTP/2 connection.
 {"metadata":{"emulator":{"name":"firestore"},"message":"Mar 18, 2024 3:22:23 PM io.gapi.emulators.netty.HttpVersionRoutingHandler channelRead\nINFO: Detected non-HTTP/2 connection.\n"}}
[debug] [2024-03-18T09:53:09.514Z] Mar 18, 2024 3:23:09 PM io.gapi.emulators.netty.HttpVersionRoutingHandler channelRead
INFO: Detected non-HTTP/2 connection.
 {"metadata":{"emulator":{"name":"firestore"},"message":"Mar 18, 2024 3:23:09 PM io.gapi.emulators.netty.HttpVersionRoutingHandler channelRead\nINFO: Detected non-HTTP/2 connection.\n"}}
[debug] [2024-03-18T09:53:55.513Z] Mar 18, 2024 3:23:55 PM io.gapi.emulators.netty.HttpVersionRoutingHandler channelRead
INFO: Detected non-HTTP/2 connection.
 {"metadata":{"emulator":{"name":"firestore"},"message":"Mar 18, 2024 3:23:55 PM io.gapi.emulators.netty.HttpVersionRoutingHandler channelRead\nINFO: Detected non-HTTP/2 connection.\n"}}
[debug] [2024-03-18T09:54:41.515Z] Mar 18, 2024 3:24:41 PM io.gapi.emulators.netty.HttpVersionRoutingHandler channelRead
INFO: Detected non-HTTP/2 connection.
 {"metadata":{"emulator":{"name":"firestore"},"message":"Mar 18, 2024 3:24:41 PM io.gapi.emulators.netty.HttpVersionRoutingHandler channelRead\nINFO: Detected non-HTTP/2 connection.\n"}}
[debug] [2024-03-18T09:55:27.514Z] Mar 18, 2024 3:25:27 PM io.gapi.emulators.netty.HttpVersionRoutingHandler channelRead
INFO: Detected non-HTTP/2 connection.
 {"metadata":{"emulator":{"name":"firestore"},"message":"Mar 18, 2024 3:25:27 PM io.gapi.emulators.netty.HttpVersionRoutingHandler channelRead\nINFO: Detected non-HTTP/2 connection.\n"}}
[debug] [2024-03-18T09:56:13.512Z] Mar 18, 2024 3:26:13 PM io.gapi.emulators.netty.HttpVersionRoutingHandler channelRead
INFO: Detected non-HTTP/2 connection.
 {"metadata":{"emulator":{"name":"firestore"},"message":"Mar 18, 2024 3:26:13 PM io.gapi.emulators.netty.HttpVersionRoutingHandler channelRead\nINFO: Detected non-HTTP/2 connection.\n"}}
[debug] [2024-03-18T09:57:29.512Z] Mar 18, 2024 3:27:29 PM io.gapi.emulators.netty.HttpVersionRoutingHandler channelRead
INFO: Detected non-HTTP/2 connection.
 {"metadata":{"emulator":{"name":"firestore"},"message":"Mar 18, 2024 3:27:29 PM io.gapi.emulators.netty.HttpVersionRoutingHandler channelRead\nINFO: Detected non-HTTP/2 connection.\n"}}
[debug] [2024-03-18T09:58:15.514Z] Mar 18, 2024 3:28:15 PM io.gapi.emulators.netty.HttpVersionRoutingHandler channelRead
INFO: Detected non-HTTP/2 connection.
 {"metadata":{"emulator":{"name":"firestore"},"message":"Mar 18, 2024 3:28:15 PM io.gapi.emulators.netty.HttpVersionRoutingHandler channelRead\nINFO: Detected non-HTTP/2 connection.\n"}}
[debug] [2024-03-18T09:59:01.512Z] Mar 18, 2024 3:29:01 PM io.gapi.emulators.netty.HttpVersionRoutingHandler channelRead
INFO: Detected non-HTTP/2 connection.
 {"metadata":{"emulator":{"name":"firestore"},"message":"Mar 18, 2024 3:29:01 PM io.gapi.emulators.netty.HttpVersionRoutingHandler channelRead\nINFO: Detected non-HTTP/2 connection.\n"}}
[debug] [2024-03-18T09:59:47.513Z] Mar 18, 2024 3:29:47 PM io.gapi.emulators.netty.HttpVersionRoutingHandler channelRead
INFO: Detected non-HTTP/2 connection.
 {"metadata":{"emulator":{"name":"firestore"},"message":"Mar 18, 2024 3:29:47 PM io.gapi.emulators.netty.HttpVersionRoutingHandler channelRead\nINFO: Detected non-HTTP/2 connection.\n"}}
[debug] [2024-03-18T10:00:33.509Z] Mar 18, 2024 3:30:33 PM io.gapi.emulators.netty.HttpVersionRoutingHandler channelRead
INFO: Detected non-HTTP/2 connection.
 {"metadata":{"emulator":{"name":"firestore"},"message":"Mar 18, 2024 3:30:33 PM io.gapi.emulators.netty.HttpVersionRoutingHandler channelRead\nINFO: Detected non-HTTP/2 connection.\n"}}
[debug] [2024-03-18T10:01:19.514Z] Mar 18, 2024 3:31:19 PM io.gapi.emulators.netty.HttpVersionRoutingHandler channelRead
INFO: Detected non-HTTP/2 connection.
 {"metadata":{"emulator":{"name":"firestore"},"message":"Mar 18, 2024 3:31:19 PM io.gapi.emulators.netty.HttpVersionRoutingHandler channelRead\nINFO: Detected non-HTTP/2 connection.\n"}}
